TN:
SF:src/js/galactic-calc.js
FN:2,GalacticAges
FN:22,dateOfBirthCalc
FN:32,galacticAgeCalc
FN:39,lifeExpectancy
FNF:4
FNH:4
FNDA:15,GalacticAges
FNDA:13,dateOfBirthCalc
FNDA:11,galacticAgeCalc
FNDA:7,lifeExpectancy
DA:1,1
DA:2,1
DA:3,15
DA:4,15
DA:5,15
DA:6,15
DA:7,15
DA:8,15
DA:9,15
DA:10,15
DA:11,15
DA:12,15
DA:13,15
DA:14,15
DA:15,15
DA:16,15
DA:17,15
DA:18,15
DA:19,15
DA:20,15
DA:21,1
DA:22,1
DA:23,13
DA:24,13
DA:25,13
DA:26,13
DA:27,11
DA:28,11
DA:29,13
DA:30,13
DA:31,1
DA:32,1
DA:33,11
DA:34,11
DA:35,11
DA:36,11
DA:37,11
DA:38,1
DA:39,1
DA:40,7
DA:41,7
DA:42,6
DA:43,6
DA:44,6
DA:45,6
DA:46,6
DA:47,6
DA:48,6
DA:49,6
DA:50,6
DA:51,6
DA:52,6
DA:53,6
DA:54,6
DA:55,7
DA:56,1
DA:57,1
DA:58,1
DA:59,1
DA:60,1
DA:61,1
DA:62,1
DA:63,1
DA:64,1
DA:65,1
DA:66,1
DA:67,1
DA:68,1
DA:69,1
DA:70,7
DA:71,1
LF:71
LH:71
BRDA:2,0,0,15
BRDA:22,1,0,13
BRDA:26,2,0,2
BRDA:26,3,0,1
BRDA:26,4,0,11
BRDA:32,5,0,11
BRDA:39,6,0,7
BRDA:41,7,0,6
BRDA:55,8,0,1
BRF:9
BRH:9
end_of_record
