TN:
SF:src/js/galactic-calc.js
FN:2,GalacticAges
FN:22,dateOfBirthCalc
FN:32,galacticAgeCalc
FN:39,lifeExpectancy
FNF:4
FNH:4
FNDA:14,GalacticAges
FNDA:12,dateOfBirthCalc
FNDA:11,galacticAgeCalc
FNDA:7,lifeExpectancy
DA:1,1
DA:2,1
DA:3,14
DA:4,14
DA:5,14
DA:6,14
DA:7,14
DA:8,14
DA:9,14
DA:10,14
DA:11,14
DA:12,14
DA:13,14
DA:14,14
DA:15,14
DA:16,14
DA:17,14
DA:18,14
DA:19,14
DA:20,14
DA:21,1
DA:22,1
DA:23,12
DA:24,12
DA:25,12
DA:26,12
DA:27,11
DA:28,11
DA:29,12
DA:30,12
DA:31,1
DA:32,1
DA:33,11
DA:34,11
DA:35,11
DA:36,11
DA:37,11
DA:38,1
DA:39,1
DA:40,7
DA:41,7
DA:42,6
DA:43,6
DA:44,6
DA:45,6
DA:46,6
DA:47,7
DA:48,1
DA:49,1
DA:50,1
DA:51,1
DA:52,1
DA:53,1
DA:54,7
DA:55,1
LF:55
LH:55
BRDA:2,0,0,14
BRDA:22,1,0,12
BRDA:26,2,0,1
BRDA:26,3,0,0
BRDA:26,4,0,11
BRDA:32,5,0,11
BRDA:39,6,0,7
BRDA:41,7,0,6
BRDA:47,8,0,1
BRF:9
BRH:8
end_of_record
